<?xml version="1.0" encoding="UTF-8"?>
<testsuite xmlns:xsi="http://www.w3.org/2001/XMLSchema-instance" xsi:noNamespaceSchemaLocation="https://maven.apache.org/surefire/maven-surefire-plugin/xsd/surefire-test-report-3.0.xsd" version="3.0" name="com.localidata.EldaTest" time="0.005" tests="0" errors="0" skipped="0" failures="0">
  <properties>
    <property name="java.specification.version" value="22"/>
    <property name="sun.jnu.encoding" value="UTF-8"/>
    <property name="java.class.path" value="/Users/ivan.uroz/Documents/AOD/desarrollo/local-data-aragopedia/src/03_process-java/target/test-classes:/Users/ivan.uroz/Documents/AOD/desarrollo/local-data-aragopedia/src/03_process-java/target/classes:/Users/ivan.uroz/.m2/repository/junit/junit/3.8.1/junit-3.8.1.jar:/Users/ivan.uroz/.m2/repository/commons-io/commons-io/2.4/commons-io-2.4.jar:/Users/ivan.uroz/.m2/repository/log4j/log4j/1.2.17/log4j-1.2.17.jar:/Users/ivan.uroz/.m2/repository/javax/xml/bind/jaxb-api/2.1/jaxb-api-2.1.jar:/Users/ivan.uroz/.m2/repository/javax/activation/activation/1.1/activation-1.1.jar:/Users/ivan.uroz/.m2/repository/org/apache/poi/poi/3.9/poi-3.9.jar:/Users/ivan.uroz/.m2/repository/org/apache/poi/poi-ooxml/3.9/poi-ooxml-3.9.jar:/Users/ivan.uroz/.m2/repository/dom4j/dom4j/1.6.1/dom4j-1.6.1.jar:/Users/ivan.uroz/.m2/repository/xml-apis/xml-apis/1.0.b2/xml-apis-1.0.b2.jar:/Users/ivan.uroz/.m2/repository/org/apache/poi/poi-ooxml-schemas/3.9/poi-ooxml-schemas-3.9.jar:/Users/ivan.uroz/.m2/repository/com/google/gdata/core/1.47.1/core-1.47.1.jar:/Users/ivan.uroz/.m2/repository/javax/mail/mail/1.4/mail-1.4.jar:/Users/ivan.uroz/.m2/repository/com/google/api-client/google-api-client/1.21.0/google-api-client-1.21.0.jar:/Users/ivan.uroz/.m2/repository/com/google/oauth-client/google-oauth-client/1.21.0/google-oauth-client-1.21.0.jar:/Users/ivan.uroz/.m2/repository/com/google/http-client/google-http-client-jackson2/1.21.0/google-http-client-jackson2-1.21.0.jar:/Users/ivan.uroz/.m2/repository/com/google/guava/guava-jdk5/17.0/guava-jdk5-17.0.jar:/Users/ivan.uroz/.m2/repository/com/google/oauth-client/google-oauth-client-jetty/1.20.0/google-oauth-client-jetty-1.20.0.jar:/Users/ivan.uroz/.m2/repository/com/google/oauth-client/google-oauth-client-java6/1.20.0/google-oauth-client-java6-1.20.0.jar:/Users/ivan.uroz/.m2/repository/org/mortbay/jetty/jetty/6.1.26/jetty-6.1.26.jar:/Users/ivan.uroz/.m2/repository/org/mortbay/jetty/jetty-util/6.1.26/jetty-util-6.1.26.jar:/Users/ivan.uroz/.m2/repository/org/mortbay/jetty/servlet-api/2.5-20081211/servlet-api-2.5-20081211.jar:/Users/ivan.uroz/.m2/repository/com/google/apis/google-api-services-drive/v2-rev170-1.20.0/google-api-services-drive-v2-rev170-1.20.0.jar:/Users/ivan.uroz/.m2/repository/com/google/guava/guava/11.0.2/guava-11.0.2.jar:/Users/ivan.uroz/.m2/repository/com/google/code/findbugs/jsr305/3.0.2/jsr305-3.0.2.jar:/Users/ivan.uroz/.m2/repository/com/fasterxml/jackson/core/jackson-core/2.12.4/jackson-core-2.12.4.jar:/Users/ivan.uroz/.m2/repository/com/google/http-client/google-http-client-jackson/1.21.0/google-http-client-jackson-1.21.0.jar:/Users/ivan.uroz/.m2/repository/org/codehaus/jackson/jackson-core-asl/1.9.11/jackson-core-asl-1.9.11.jar:/Users/ivan.uroz/.m2/repository/com/google/http-client/google-http-client/1.20.0/google-http-client-1.20.0.jar:/Users/ivan.uroz/.m2/repository/com/googlecode/json-simple/json-simple/1.1.1/json-simple-1.1.1.jar:/Users/ivan.uroz/.m2/repository/javax/xml/stream/stax-api/1.0-2/stax-api-1.0-2.jar:/Users/ivan.uroz/.m2/repository/com/squareup/okhttp3/okhttp/3.2.0/okhttp-3.2.0.jar:/Users/ivan.uroz/.m2/repository/com/squareup/okio/okio/1.6.0/okio-1.6.0.jar:/Users/ivan.uroz/.m2/repository/org/apache/httpcomponents/httpclient/4.5.2/httpclient-4.5.2.jar:/Users/ivan.uroz/.m2/repository/org/apache/httpcomponents/httpcore/4.4.4/httpcore-4.4.4.jar:/Users/ivan.uroz/.m2/repository/commons-collections/commons-collections/3.2.2/commons-collections-3.2.2.jar:/Users/ivan.uroz/.m2/repository/org/apache/commons/commons-lang3/3.3/commons-lang3-3.3.jar:/Users/ivan.uroz/.m2/repository/org/apache/xmlbeans/xmlbeans/2.3.0/xmlbeans-2.3.0.jar:/Users/ivan.uroz/.m2/repository/stax/stax-api/1.0.1/stax-api-1.0.1.jar:/Users/ivan.uroz/.m2/repository/org/apache/axis/axis/1.4/axis-1.4.jar:/Users/ivan.uroz/.m2/repository/javax/xml/jaxrpc-api/1.1/jaxrpc-api-1.1.jar:/Users/ivan.uroz/.m2/repository/commons-logging/commons-logging/1.2/commons-logging-1.2.jar:/Users/ivan.uroz/.m2/repository/commons-discovery/commons-discovery/0.2/commons-discovery-0.2.jar:/Users/ivan.uroz/.m2/repository/wsdl4j/wsdl4j/1.6.2/wsdl4j-1.6.2.jar:/Users/ivan.uroz/.m2/repository/commons-codec/commons-codec/1.10/commons-codec-1.10.jar:/Users/ivan.uroz/.m2/repository/com/oracle/database/jdbc/ojdbc8/21.1.0.0/ojdbc8-21.1.0.0.jar:"/>
    <property name="java.vm.vendor" value="Homebrew"/>
    <property name="sun.arch.data.model" value="64"/>
    <property name="java.vendor.url" value="https://github.com/Homebrew/homebrew-core/issues"/>
    <property name="os.name" value="Mac OS X"/>
    <property name="java.vm.specification.version" value="22"/>
    <property name="sun.java.launcher" value="SUN_STANDARD"/>
    <property name="user.country" value="ES"/>
    <property name="sun.boot.library.path" value="/opt/homebrew/Cellar/openjdk/22.0.2/libexec/openjdk.jdk/Contents/Home/lib"/>
    <property name="sun.java.command" value="/Users/ivan.uroz/Documents/AOD/desarrollo/local-data-aragopedia/src/03_process-java/target/surefire/surefirebooter-20241007112402263_3.jar /Users/ivan.uroz/Documents/AOD/desarrollo/local-data-aragopedia/src/03_process-java/target/surefire 2024-10-07T11-24-01_989-jvmRun1 surefire-20241007112402263_1tmp surefire_0-20241007112402263_2tmp"/>
    <property name="jdk.debug" value="release"/>
    <property name="surefire.test.class.path" value="/Users/ivan.uroz/Documents/AOD/desarrollo/local-data-aragopedia/src/03_process-java/target/test-classes:/Users/ivan.uroz/Documents/AOD/desarrollo/local-data-aragopedia/src/03_process-java/target/classes:/Users/ivan.uroz/.m2/repository/junit/junit/3.8.1/junit-3.8.1.jar:/Users/ivan.uroz/.m2/repository/commons-io/commons-io/2.4/commons-io-2.4.jar:/Users/ivan.uroz/.m2/repository/log4j/log4j/1.2.17/log4j-1.2.17.jar:/Users/ivan.uroz/.m2/repository/javax/xml/bind/jaxb-api/2.1/jaxb-api-2.1.jar:/Users/ivan.uroz/.m2/repository/javax/activation/activation/1.1/activation-1.1.jar:/Users/ivan.uroz/.m2/repository/org/apache/poi/poi/3.9/poi-3.9.jar:/Users/ivan.uroz/.m2/repository/org/apache/poi/poi-ooxml/3.9/poi-ooxml-3.9.jar:/Users/ivan.uroz/.m2/repository/dom4j/dom4j/1.6.1/dom4j-1.6.1.jar:/Users/ivan.uroz/.m2/repository/xml-apis/xml-apis/1.0.b2/xml-apis-1.0.b2.jar:/Users/ivan.uroz/.m2/repository/org/apache/poi/poi-ooxml-schemas/3.9/poi-ooxml-schemas-3.9.jar:/Users/ivan.uroz/.m2/repository/com/google/gdata/core/1.47.1/core-1.47.1.jar:/Users/ivan.uroz/.m2/repository/javax/mail/mail/1.4/mail-1.4.jar:/Users/ivan.uroz/.m2/repository/com/google/api-client/google-api-client/1.21.0/google-api-client-1.21.0.jar:/Users/ivan.uroz/.m2/repository/com/google/oauth-client/google-oauth-client/1.21.0/google-oauth-client-1.21.0.jar:/Users/ivan.uroz/.m2/repository/com/google/http-client/google-http-client-jackson2/1.21.0/google-http-client-jackson2-1.21.0.jar:/Users/ivan.uroz/.m2/repository/com/google/guava/guava-jdk5/17.0/guava-jdk5-17.0.jar:/Users/ivan.uroz/.m2/repository/com/google/oauth-client/google-oauth-client-jetty/1.20.0/google-oauth-client-jetty-1.20.0.jar:/Users/ivan.uroz/.m2/repository/com/google/oauth-client/google-oauth-client-java6/1.20.0/google-oauth-client-java6-1.20.0.jar:/Users/ivan.uroz/.m2/repository/org/mortbay/jetty/jetty/6.1.26/jetty-6.1.26.jar:/Users/ivan.uroz/.m2/repository/org/mortbay/jetty/jetty-util/6.1.26/jetty-util-6.1.26.jar:/Users/ivan.uroz/.m2/repository/org/mortbay/jetty/servlet-api/2.5-20081211/servlet-api-2.5-20081211.jar:/Users/ivan.uroz/.m2/repository/com/google/apis/google-api-services-drive/v2-rev170-1.20.0/google-api-services-drive-v2-rev170-1.20.0.jar:/Users/ivan.uroz/.m2/repository/com/google/guava/guava/11.0.2/guava-11.0.2.jar:/Users/ivan.uroz/.m2/repository/com/google/code/findbugs/jsr305/3.0.2/jsr305-3.0.2.jar:/Users/ivan.uroz/.m2/repository/com/fasterxml/jackson/core/jackson-core/2.12.4/jackson-core-2.12.4.jar:/Users/ivan.uroz/.m2/repository/com/google/http-client/google-http-client-jackson/1.21.0/google-http-client-jackson-1.21.0.jar:/Users/ivan.uroz/.m2/repository/org/codehaus/jackson/jackson-core-asl/1.9.11/jackson-core-asl-1.9.11.jar:/Users/ivan.uroz/.m2/repository/com/google/http-client/google-http-client/1.20.0/google-http-client-1.20.0.jar:/Users/ivan.uroz/.m2/repository/com/googlecode/json-simple/json-simple/1.1.1/json-simple-1.1.1.jar:/Users/ivan.uroz/.m2/repository/javax/xml/stream/stax-api/1.0-2/stax-api-1.0-2.jar:/Users/ivan.uroz/.m2/repository/com/squareup/okhttp3/okhttp/3.2.0/okhttp-3.2.0.jar:/Users/ivan.uroz/.m2/repository/com/squareup/okio/okio/1.6.0/okio-1.6.0.jar:/Users/ivan.uroz/.m2/repository/org/apache/httpcomponents/httpclient/4.5.2/httpclient-4.5.2.jar:/Users/ivan.uroz/.m2/repository/org/apache/httpcomponents/httpcore/4.4.4/httpcore-4.4.4.jar:/Users/ivan.uroz/.m2/repository/commons-collections/commons-collections/3.2.2/commons-collections-3.2.2.jar:/Users/ivan.uroz/.m2/repository/org/apache/commons/commons-lang3/3.3/commons-lang3-3.3.jar:/Users/ivan.uroz/.m2/repository/org/apache/xmlbeans/xmlbeans/2.3.0/xmlbeans-2.3.0.jar:/Users/ivan.uroz/.m2/repository/stax/stax-api/1.0.1/stax-api-1.0.1.jar:/Users/ivan.uroz/.m2/repository/org/apache/axis/axis/1.4/axis-1.4.jar:/Users/ivan.uroz/.m2/repository/javax/xml/jaxrpc-api/1.1/jaxrpc-api-1.1.jar:/Users/ivan.uroz/.m2/repository/commons-logging/commons-logging/1.2/commons-logging-1.2.jar:/Users/ivan.uroz/.m2/repository/commons-discovery/commons-discovery/0.2/commons-discovery-0.2.jar:/Users/ivan.uroz/.m2/repository/wsdl4j/wsdl4j/1.6.2/wsdl4j-1.6.2.jar:/Users/ivan.uroz/.m2/repository/commons-codec/commons-codec/1.10/commons-codec-1.10.jar:/Users/ivan.uroz/.m2/repository/com/oracle/database/jdbc/ojdbc8/21.1.0.0/ojdbc8-21.1.0.0.jar:"/>
    <property name="sun.cpu.endian" value="little"/>
    <property name="user.home" value="/Users/ivan.uroz"/>
    <property name="user.language" value="es"/>
    <property name="java.specification.vendor" value="Oracle Corporation"/>
    <property name="java.version.date" value="2024-07-16"/>
    <property name="java.home" value="/opt/homebrew/Cellar/openjdk/22.0.2/libexec/openjdk.jdk/Contents/Home"/>
    <property name="file.separator" value="/"/>
    <property name="basedir" value="/Users/ivan.uroz/Documents/AOD/desarrollo/local-data-aragopedia/src/03_process-java"/>
    <property name="java.vm.compressedOopsMode" value="Zero based"/>
    <property name="line.separator" value="&#10;"/>
    <property name="java.specification.name" value="Java Platform API Specification"/>
    <property name="java.vm.specification.vendor" value="Oracle Corporation"/>
    <property name="apple.awt.application.name" value="ForkedBooter"/>
    <property name="surefire.real.class.path" value="/Users/ivan.uroz/Documents/AOD/desarrollo/local-data-aragopedia/src/03_process-java/target/surefire/surefirebooter-20241007112402263_3.jar"/>
    <property name="sun.management.compiler" value="HotSpot 64-Bit Tiered Compilers"/>
    <property name="java.runtime.version" value="22.0.2"/>
    <property name="user.name" value="ivan.uroz"/>
    <property name="stdout.encoding" value="UTF-8"/>
    <property name="path.separator" value=":"/>
    <property name="os.version" value="15.0.1"/>
    <property name="java.runtime.name" value="OpenJDK Runtime Environment"/>
    <property name="file.encoding" value="UTF-8"/>
    <property name="java.vm.name" value="OpenJDK 64-Bit Server VM"/>
    <property name="java.vendor.version" value="Homebrew"/>
    <property name="localRepository" value="/Users/ivan.uroz/.m2/repository"/>
    <property name="java.vendor.url.bug" value="https://github.com/Homebrew/homebrew-core/issues"/>
    <property name="java.io.tmpdir" value="/var/folders/23/n0_t694139ncl16b33s1vzw00000gn/T/"/>
    <property name="java.version" value="22.0.2"/>
    <property name="user.dir" value="/Users/ivan.uroz/Documents/AOD/desarrollo/local-data-aragopedia/src/03_process-java"/>
    <property name="os.arch" value="aarch64"/>
    <property name="java.vm.specification.name" value="Java Virtual Machine Specification"/>
    <property name="native.encoding" value="UTF-8"/>
    <property name="java.library.path" value="/Users/ivan.uroz/Library/Java/Extensions:/Library/Java/Extensions:/Network/Library/Java/Extensions:/System/Library/Java/Extensions:/usr/lib/java:."/>
    <property name="java.vm.info" value="mixed mode, sharing"/>
    <property name="stderr.encoding" value="UTF-8"/>
    <property name="java.vendor" value="Homebrew"/>
    <property name="java.vm.version" value="22.0.2"/>
    <property name="sun.io.unicode.encoding" value="UnicodeBig"/>
    <property name="java.class.version" value="66.0"/>
  </properties>
</testsuite>